CRITICAL - 2022-09-09 03:05:53 --> Too few arguments to function Firebase\JWT\JWT::encode(), 2 passed in C:\xampp\htdocs\ci4restapi\app\Helpers\jwt_helper.php on line 31 and at least 3 expected
in VENDORPATH\firebase\php-jwt\src\JWT.php on line 183.
 1 APPPATH\Helpers\jwt_helper.php(31): Firebase\JWT\JWT::encode([...], '13santika13')
 2 APPPATH\Controllers\Otentikasi.php(49): createJWT('kumara@gmail.com')
 3 SYSTEMPATH\CodeIgniter.php(904): App\Controllers\Otentikasi->index()
 4 SYSTEMPATH\CodeIgniter.php(457): CodeIgniter\CodeIgniter->runController(Object(App\Controllers\Otentikasi))
 5 SYSTEMPATH\CodeIgniter.php(340): CodeIgniter\CodeIgniter->handleRequest(null, Object(Config\Cache), false)
 6 FCPATH\index.php(67): CodeIgniter\CodeIgniter->run()
CRITICAL - 2022-09-09 03:07:30 --> Too few arguments to function Firebase\JWT\JWT::encode(), 2 passed in C:\xampp\htdocs\ci4restapi\app\Helpers\jwt_helper.php on line 31 and at least 3 expected
in VENDORPATH\firebase\php-jwt\src\JWT.php on line 183.
 1 APPPATH\Helpers\jwt_helper.php(31): Firebase\JWT\JWT::encode([...], '13santika13')
 2 APPPATH\Controllers\Otentikasi.php(49): createJWT('kumara@gmail.com')
 3 SYSTEMPATH\CodeIgniter.php(904): App\Controllers\Otentikasi->index()
 4 SYSTEMPATH\CodeIgniter.php(457): CodeIgniter\CodeIgniter->runController(Object(App\Controllers\Otentikasi))
 5 SYSTEMPATH\CodeIgniter.php(340): CodeIgniter\CodeIgniter->handleRequest(null, Object(Config\Cache), false)
 6 FCPATH\index.php(67): CodeIgniter\CodeIgniter->run()
CRITICAL - 2022-09-09 03:12:45 --> Too few arguments to function Firebase\JWT\JWT::encode(), 2 passed in C:\xampp\htdocs\ci4restapi\app\Helpers\jwt_helper.php on line 31 and at least 3 expected
in VENDORPATH\firebase\php-jwt\src\JWT.php on line 183.
 1 APPPATH\Helpers\jwt_helper.php(31): Firebase\JWT\JWT::encode([...], '13santika13')
 2 APPPATH\Controllers\Otentikasi.php(49): createJWT('kumara@gmail.com')
 3 SYSTEMPATH\CodeIgniter.php(904): App\Controllers\Otentikasi->index()
 4 SYSTEMPATH\CodeIgniter.php(457): CodeIgniter\CodeIgniter->runController(Object(App\Controllers\Otentikasi))
 5 SYSTEMPATH\CodeIgniter.php(340): CodeIgniter\CodeIgniter->handleRequest(null, Object(Config\Cache), false)
 6 FCPATH\index.php(67): CodeIgniter\CodeIgniter->run()
