CRITICAL - 2022-09-07 00:09:25 --> Class "Firebase\JWT\JWT" not found
in APPPATH\Helpers\jwt_helper.php on line 31.
 1 APPPATH\Controllers\Otentikasi.php(49): createJWT('kumara@gmail.com')
 2 SYSTEMPATH\CodeIgniter.php(904): App\Controllers\Otentikasi->index()
 3 SYSTEMPATH\CodeIgniter.php(457): CodeIgniter\CodeIgniter->runController(Object(App\Controllers\Otentikasi))
 4 SYSTEMPATH\CodeIgniter.php(340): CodeIgniter\CodeIgniter->handleRequest(null, Object(Config\Cache), false)
 5 FCPATH\index.php(67): CodeIgniter\CodeIgniter->run()
CRITICAL - 2022-09-07 00:09:38 --> Class "Firebase\JWT\JWT" not found
in APPPATH\Helpers\jwt_helper.php on line 31.
 1 APPPATH\Controllers\Otentikasi.php(49): createJWT('kumara@gmail.com')
 2 SYSTEMPATH\CodeIgniter.php(904): App\Controllers\Otentikasi->index()
 3 SYSTEMPATH\CodeIgniter.php(457): CodeIgniter\CodeIgniter->runController(Object(App\Controllers\Otentikasi))
 4 SYSTEMPATH\CodeIgniter.php(340): CodeIgniter\CodeIgniter->handleRequest(null, Object(Config\Cache), false)
 5 FCPATH\index.php(67): CodeIgniter\CodeIgniter->run()
CRITICAL - 2022-09-07 00:13:22 --> Too few arguments to function Firebase\JWT\JWT::encode(), 2 passed in C:\xampp\htdocs\ci4restapi\app\Helpers\jwt_helper.php on line 31 and at least 3 expected
in VENDORPATH\firebase\php-jwt\src\JWT.php on line 183.
 1 APPPATH\Helpers\jwt_helper.php(31): Firebase\JWT\JWT::encode([...], '13santika')
 2 APPPATH\Controllers\Otentikasi.php(49): createJWT('kumara@gmail.com')
 3 SYSTEMPATH\CodeIgniter.php(904): App\Controllers\Otentikasi->index()
 4 SYSTEMPATH\CodeIgniter.php(457): CodeIgniter\CodeIgniter->runController(Object(App\Controllers\Otentikasi))
 5 SYSTEMPATH\CodeIgniter.php(340): CodeIgniter\CodeIgniter->handleRequest(null, Object(Config\Cache), false)
 6 FCPATH\index.php(67): CodeIgniter\CodeIgniter->run()
CRITICAL - 2022-09-07 00:14:49 --> Undefined variable $key
in APPPATH\Helpers\jwt_helper.php on line 31.
 1 APPPATH\Helpers\jwt_helper.php(31): CodeIgniter\Debug\Exceptions->errorHandler(2, 'Undefined variable $key', 'APPPATH\\Helpers\\jwt_helper.php', 31)
 2 APPPATH\Controllers\Otentikasi.php(49): createJWT('kumara@gmail.com')
 3 SYSTEMPATH\CodeIgniter.php(904): App\Controllers\Otentikasi->index()
 4 SYSTEMPATH\CodeIgniter.php(457): CodeIgniter\CodeIgniter->runController(Object(App\Controllers\Otentikasi))
 5 SYSTEMPATH\CodeIgniter.php(340): CodeIgniter\CodeIgniter->handleRequest(null, Object(Config\Cache), false)
 6 FCPATH\index.php(67): CodeIgniter\CodeIgniter->run()
CRITICAL - 2022-09-07 00:15:10 --> Too few arguments to function Firebase\JWT\JWT::encode(), 2 passed in C:\xampp\htdocs\ci4restapi\app\Helpers\jwt_helper.php on line 31 and at least 3 expected
in VENDORPATH\firebase\php-jwt\src\JWT.php on line 183.
 1 APPPATH\Helpers\jwt_helper.php(31): Firebase\JWT\JWT::encode([...], [...])
 2 APPPATH\Controllers\Otentikasi.php(49): createJWT('kumara@gmail.com')
 3 SYSTEMPATH\CodeIgniter.php(904): App\Controllers\Otentikasi->index()
 4 SYSTEMPATH\CodeIgniter.php(457): CodeIgniter\CodeIgniter->runController(Object(App\Controllers\Otentikasi))
 5 SYSTEMPATH\CodeIgniter.php(340): CodeIgniter\CodeIgniter->handleRequest(null, Object(Config\Cache), false)
 6 FCPATH\index.php(67): CodeIgniter\CodeIgniter->run()
CRITICAL - 2022-09-07 00:15:22 --> Too few arguments to function Firebase\JWT\JWT::encode(), 2 passed in C:\xampp\htdocs\ci4restapi\app\Helpers\jwt_helper.php on line 31 and at least 3 expected
in VENDORPATH\firebase\php-jwt\src\JWT.php on line 183.
 1 APPPATH\Helpers\jwt_helper.php(31): Firebase\JWT\JWT::encode([...], '13santika')
 2 APPPATH\Controllers\Otentikasi.php(49): createJWT('kumara@gmail.com')
 3 SYSTEMPATH\CodeIgniter.php(904): App\Controllers\Otentikasi->index()
 4 SYSTEMPATH\CodeIgniter.php(457): CodeIgniter\CodeIgniter->runController(Object(App\Controllers\Otentikasi))
 5 SYSTEMPATH\CodeIgniter.php(340): CodeIgniter\CodeIgniter->handleRequest(null, Object(Config\Cache), false)
 6 FCPATH\index.php(67): CodeIgniter\CodeIgniter->run()
CRITICAL - 2022-09-07 07:16:36 --> Class "Locale" not found
in SYSTEMPATH\CodeIgniter.php on line 181.
 1 FCPATH\index.php(55): CodeIgniter\CodeIgniter->initialize()
CRITICAL - 2022-09-07 07:16:44 --> Class "Locale" not found
in SYSTEMPATH\CodeIgniter.php on line 181.
 1 FCPATH\index.php(55): CodeIgniter\CodeIgniter->initialize()
CRITICAL - 2022-09-07 02:36:36 --> Class "Firebase\JWT\JWT" not found
in APPPATH\Helpers\jwt_helper.php on line 31.
 1 APPPATH\Controllers\Otentikasi.php(49): createJWT('kumara@gmail.com')
 2 SYSTEMPATH\CodeIgniter.php(904): App\Controllers\Otentikasi->index()
 3 SYSTEMPATH\CodeIgniter.php(457): CodeIgniter\CodeIgniter->runController(Object(App\Controllers\Otentikasi))
 4 SYSTEMPATH\CodeIgniter.php(340): CodeIgniter\CodeIgniter->handleRequest(null, Object(Config\Cache), false)
 5 FCPATH\index.php(67): CodeIgniter\CodeIgniter->run()
CRITICAL - 2022-09-07 02:42:14 --> Too few arguments to function Firebase\JWT\JWT::encode(), 2 passed in C:\xampp\htdocs\ci4restapi\app\Helpers\jwt_helper.php on line 31 and at least 3 expected
in VENDORPATH\firebase\php-jwt\src\JWT.php on line 183.
 1 APPPATH\Helpers\jwt_helper.php(31): Firebase\JWT\JWT::encode([...], '13santika')
 2 APPPATH\Controllers\Otentikasi.php(49): createJWT('kumara@gmail.com')
 3 SYSTEMPATH\CodeIgniter.php(904): App\Controllers\Otentikasi->index()
 4 SYSTEMPATH\CodeIgniter.php(457): CodeIgniter\CodeIgniter->runController(Object(App\Controllers\Otentikasi))
 5 SYSTEMPATH\CodeIgniter.php(340): CodeIgniter\CodeIgniter->handleRequest(null, Object(Config\Cache), false)
 6 FCPATH\index.php(67): CodeIgniter\CodeIgniter->run()
CRITICAL - 2022-09-07 02:47:37 --> Too few arguments to function Firebase\JWT\JWT::encode(), 2 passed in C:\xampp\htdocs\ci4restapi\app\Helpers\jwt_helper.php on line 31 and at least 3 expected
in VENDORPATH\firebase\php-jwt\src\JWT.php on line 183.
 1 APPPATH\Helpers\jwt_helper.php(31): Firebase\JWT\JWT::encode([...], '13santika')
 2 APPPATH\Controllers\Otentikasi.php(49): createJWT('kumara@gmail.com')
 3 SYSTEMPATH\CodeIgniter.php(904): App\Controllers\Otentikasi->index()
 4 SYSTEMPATH\CodeIgniter.php(457): CodeIgniter\CodeIgniter->runController(Object(App\Controllers\Otentikasi))
 5 SYSTEMPATH\CodeIgniter.php(340): CodeIgniter\CodeIgniter->handleRequest(null, Object(Config\Cache), false)
 6 FCPATH\index.php(67): CodeIgniter\CodeIgniter->run()
CRITICAL - 2022-09-07 02:56:25 --> Too few arguments to function Firebase\JWT\JWT::encode(), 2 passed in C:\xampp\htdocs\ci4restapi\app\Helpers\jwt_helper.php on line 31 and at least 3 expected
in VENDORPATH\firebase\php-jwt\src\JWT.php on line 183.
 1 APPPATH\Helpers\jwt_helper.php(31): Firebase\JWT\JWT::encode([...], '13santika')
 2 APPPATH\Controllers\Otentikasi.php(49): createJWT('kumara@gmail.com')
 3 SYSTEMPATH\CodeIgniter.php(904): App\Controllers\Otentikasi->index()
 4 SYSTEMPATH\CodeIgniter.php(457): CodeIgniter\CodeIgniter->runController(Object(App\Controllers\Otentikasi))
 5 SYSTEMPATH\CodeIgniter.php(340): CodeIgniter\CodeIgniter->handleRequest(null, Object(Config\Cache), false)
 6 FCPATH\index.php(67): CodeIgniter\CodeIgniter->run()
CRITICAL - 2022-09-07 22:53:53 --> Too few arguments to function Firebase\JWT\JWT::encode(), 2 passed in C:\xampp\htdocs\ci4restapi\app\Helpers\jwt_helper.php on line 31 and at least 3 expected
in VENDORPATH\firebase\php-jwt\src\JWT.php on line 183.
 1 APPPATH\Helpers\jwt_helper.php(31): Firebase\JWT\JWT::encode([...], '13santika')
 2 APPPATH\Controllers\Otentikasi.php(49): createJWT('kumara@gmail.com')
 3 SYSTEMPATH\CodeIgniter.php(904): App\Controllers\Otentikasi->index()
 4 SYSTEMPATH\CodeIgniter.php(457): CodeIgniter\CodeIgniter->runController(Object(App\Controllers\Otentikasi))
 5 SYSTEMPATH\CodeIgniter.php(340): CodeIgniter\CodeIgniter->handleRequest(null, Object(Config\Cache), false)
 6 FCPATH\index.php(67): CodeIgniter\CodeIgniter->run()
CRITICAL - 2022-09-07 23:06:20 --> syntax error, unexpected variable "$jwt", expecting "]"
in APPPATH\Helpers\jwt_helper.php on line 30.
 1 APPPATH\Controllers\Otentikasi.php(45): helper([...])
 2 SYSTEMPATH\CodeIgniter.php(904): App\Controllers\Otentikasi->index()
 3 SYSTEMPATH\CodeIgniter.php(457): CodeIgniter\CodeIgniter->runController(Object(App\Controllers\Otentikasi))
 4 SYSTEMPATH\CodeIgniter.php(340): CodeIgniter\CodeIgniter->handleRequest(null, Object(Config\Cache), false)
 5 FCPATH\index.php(67): CodeIgniter\CodeIgniter->run()
CRITICAL - 2022-09-07 23:07:47 --> Undefined variable $payload
in APPPATH\Helpers\jwt_helper.php on line 26.
 1 APPPATH\Helpers\jwt_helper.php(26): CodeIgniter\Debug\Exceptions->errorHandler(2, 'Undefined variable $payload', 'APPPATH\\Helpers\\jwt_helper.php', 26)
 2 APPPATH\Controllers\Otentikasi.php(49): createJWT('kumara@gmail.com')
 3 SYSTEMPATH\CodeIgniter.php(904): App\Controllers\Otentikasi->index()
 4 SYSTEMPATH\CodeIgniter.php(457): CodeIgniter\CodeIgniter->runController(Object(App\Controllers\Otentikasi))
 5 SYSTEMPATH\CodeIgniter.php(340): CodeIgniter\CodeIgniter->handleRequest(null, Object(Config\Cache), false)
 6 FCPATH\index.php(67): CodeIgniter\CodeIgniter->run()
CRITICAL - 2022-09-07 23:14:46 --> Too few arguments to function Firebase\JWT\JWT::encode(), 2 passed in C:\xampp\htdocs\ci4restapi\app\Helpers\jwt_helper.php on line 31 and at least 3 expected
in VENDORPATH\firebase\php-jwt\src\JWT.php on line 183.
 1 APPPATH\Helpers\jwt_helper.php(31): Firebase\JWT\JWT::encode([...], '13santika')
 2 APPPATH\Controllers\Otentikasi.php(49): createJWT('kumara@gmail.com')
 3 SYSTEMPATH\CodeIgniter.php(904): App\Controllers\Otentikasi->index()
 4 SYSTEMPATH\CodeIgniter.php(457): CodeIgniter\CodeIgniter->runController(Object(App\Controllers\Otentikasi))
 5 SYSTEMPATH\CodeIgniter.php(340): CodeIgniter\CodeIgniter->handleRequest(null, Object(Config\Cache), false)
 6 FCPATH\index.php(67): CodeIgniter\CodeIgniter->run()
CRITICAL - 2022-09-07 23:15:11 --> Too few arguments to function Firebase\JWT\JWT::encode(), 2 passed in C:\xampp\htdocs\ci4restapi\app\Helpers\jwt_helper.php on line 31 and at least 3 expected
in VENDORPATH\firebase\php-jwt\src\JWT.php on line 183.
 1 APPPATH\Helpers\jwt_helper.php(31): Firebase\JWT\JWT::encode([...], '13santika')
 2 APPPATH\Controllers\Otentikasi.php(49): createJWT('kumara@gmail.com')
 3 SYSTEMPATH\CodeIgniter.php(904): App\Controllers\Otentikasi->index()
 4 SYSTEMPATH\CodeIgniter.php(457): CodeIgniter\CodeIgniter->runController(Object(App\Controllers\Otentikasi))
 5 SYSTEMPATH\CodeIgniter.php(340): CodeIgniter\CodeIgniter->handleRequest(null, Object(Config\Cache), false)
 6 FCPATH\index.php(67): CodeIgniter\CodeIgniter->run()
CRITICAL - 2022-09-07 23:15:23 --> Too few arguments to function Firebase\JWT\JWT::encode(), 2 passed in C:\xampp\htdocs\ci4restapi\app\Helpers\jwt_helper.php on line 31 and at least 3 expected
in VENDORPATH\firebase\php-jwt\src\JWT.php on line 183.
 1 APPPATH\Helpers\jwt_helper.php(31): Firebase\JWT\JWT::encode([...], '13santika')
 2 APPPATH\Controllers\Otentikasi.php(49): createJWT('kumara@gmail.com')
 3 SYSTEMPATH\CodeIgniter.php(904): App\Controllers\Otentikasi->index()
 4 SYSTEMPATH\CodeIgniter.php(457): CodeIgniter\CodeIgniter->runController(Object(App\Controllers\Otentikasi))
 5 SYSTEMPATH\CodeIgniter.php(340): CodeIgniter\CodeIgniter->handleRequest(null, Object(Config\Cache), false)
 6 FCPATH\index.php(67): CodeIgniter\CodeIgniter->run()
CRITICAL - 2022-09-07 23:31:14 --> Too few arguments to function Firebase\JWT\JWT::encode(), 2 passed in C:\xampp\htdocs\ci4restapi\app\Helpers\jwt_helper.php on line 31 and at least 3 expected
in VENDORPATH\firebase\php-jwt\src\JWT.php on line 183.
 1 APPPATH\Helpers\jwt_helper.php(31): Firebase\JWT\JWT::encode([...], '13santika')
 2 APPPATH\Controllers\Otentikasi.php(49): createJWT('kumara@gmail.com')
 3 SYSTEMPATH\CodeIgniter.php(904): App\Controllers\Otentikasi->index()
 4 SYSTEMPATH\CodeIgniter.php(457): CodeIgniter\CodeIgniter->runController(Object(App\Controllers\Otentikasi))
 5 SYSTEMPATH\CodeIgniter.php(340): CodeIgniter\CodeIgniter->handleRequest(null, Object(Config\Cache), false)
 6 FCPATH\index.php(67): CodeIgniter\CodeIgniter->run()
CRITICAL - 2022-09-07 23:31:35 --> Too few arguments to function Firebase\JWT\JWT::encode(), 2 passed in C:\xampp\htdocs\ci4restapi\app\Helpers\jwt_helper.php on line 31 and at least 3 expected
in VENDORPATH\firebase\php-jwt\src\JWT.php on line 183.
 1 APPPATH\Helpers\jwt_helper.php(31): Firebase\JWT\JWT::encode([...], '13santika')
 2 APPPATH\Controllers\Otentikasi.php(49): createJWT('kumara@gmail.com')
 3 SYSTEMPATH\CodeIgniter.php(904): App\Controllers\Otentikasi->index()
 4 SYSTEMPATH\CodeIgniter.php(457): CodeIgniter\CodeIgniter->runController(Object(App\Controllers\Otentikasi))
 5 SYSTEMPATH\CodeIgniter.php(340): CodeIgniter\CodeIgniter->handleRequest(null, Object(Config\Cache), false)
 6 FCPATH\index.php(67): CodeIgniter\CodeIgniter->run()
CRITICAL - 2022-09-07 23:34:01 --> Too few arguments to function Firebase\JWT\JWT::encode(), 2 passed in C:\xampp\htdocs\ci4restapi\app\Helpers\jwt_helper.php on line 31 and at least 3 expected
in VENDORPATH\firebase\php-jwt\src\JWT.php on line 183.
 1 APPPATH\Helpers\jwt_helper.php(31): Firebase\JWT\JWT::encode([...], '13santika')
 2 APPPATH\Controllers\Otentikasi.php(49): createJWT('kumara@gmail.com')
 3 SYSTEMPATH\CodeIgniter.php(904): App\Controllers\Otentikasi->index()
 4 SYSTEMPATH\CodeIgniter.php(457): CodeIgniter\CodeIgniter->runController(Object(App\Controllers\Otentikasi))
 5 SYSTEMPATH\CodeIgniter.php(340): CodeIgniter\CodeIgniter->handleRequest(null, Object(Config\Cache), false)
 6 FCPATH\index.php(67): CodeIgniter\CodeIgniter->run()
CRITICAL - 2022-09-07 23:39:11 --> Too few arguments to function Firebase\JWT\JWT::encode(), 2 passed in C:\xampp\htdocs\ci4restapi\app\Helpers\jwt_helper.php on line 34 and at least 3 expected
in VENDORPATH\firebase\php-jwt\src\JWT.php on line 183.
 1 APPPATH\Helpers\jwt_helper.php(34): Firebase\JWT\JWT::encode([...], null)
 2 APPPATH\Controllers\Otentikasi.php(49): createJWT('kumara@gmail.com')
 3 SYSTEMPATH\CodeIgniter.php(904): App\Controllers\Otentikasi->index()
 4 SYSTEMPATH\CodeIgniter.php(457): CodeIgniter\CodeIgniter->runController(Object(App\Controllers\Otentikasi))
 5 SYSTEMPATH\CodeIgniter.php(340): CodeIgniter\CodeIgniter->handleRequest(null, Object(Config\Cache), false)
 6 FCPATH\index.php(67): CodeIgniter\CodeIgniter->run()
CRITICAL - 2022-09-07 23:39:47 --> Too few arguments to function Firebase\JWT\JWT::encode(), 2 passed in C:\xampp\htdocs\ci4restapi\app\Helpers\jwt_helper.php on line 33 and at least 3 expected
in VENDORPATH\firebase\php-jwt\src\JWT.php on line 183.
 1 APPPATH\Helpers\jwt_helper.php(33): Firebase\JWT\JWT::encode([...], null)
 2 APPPATH\Controllers\Otentikasi.php(49): createJWT('kumara@gmail.com')
 3 SYSTEMPATH\CodeIgniter.php(904): App\Controllers\Otentikasi->index()
 4 SYSTEMPATH\CodeIgniter.php(457): CodeIgniter\CodeIgniter->runController(Object(App\Controllers\Otentikasi))
 5 SYSTEMPATH\CodeIgniter.php(340): CodeIgniter\CodeIgniter->handleRequest(null, Object(Config\Cache), false)
 6 FCPATH\index.php(67): CodeIgniter\CodeIgniter->run()
CRITICAL - 2022-09-07 23:40:07 --> Too few arguments to function Firebase\JWT\JWT::encode(), 2 passed in C:\xampp\htdocs\ci4restapi\app\Helpers\jwt_helper.php on line 33 and at least 3 expected
in VENDORPATH\firebase\php-jwt\src\JWT.php on line 183.
 1 APPPATH\Helpers\jwt_helper.php(33): Firebase\JWT\JWT::encode([...], null)
 2 APPPATH\Controllers\Otentikasi.php(49): createJWT('kumara@gmail.com')
 3 SYSTEMPATH\CodeIgniter.php(904): App\Controllers\Otentikasi->index()
 4 SYSTEMPATH\CodeIgniter.php(457): CodeIgniter\CodeIgniter->runController(Object(App\Controllers\Otentikasi))
 5 SYSTEMPATH\CodeIgniter.php(340): CodeIgniter\CodeIgniter->handleRequest(null, Object(Config\Cache), false)
 6 FCPATH\index.php(67): CodeIgniter\CodeIgniter->run()
CRITICAL - 2022-09-07 23:40:34 --> Too few arguments to function Firebase\JWT\JWT::encode(), 2 passed in C:\xampp\htdocs\ci4restapi\app\Helpers\jwt_helper.php on line 33 and at least 3 expected
in VENDORPATH\firebase\php-jwt\src\JWT.php on line 183.
 1 APPPATH\Helpers\jwt_helper.php(33): Firebase\JWT\JWT::encode([...], null)
 2 APPPATH\Controllers\Otentikasi.php(49): createJWT('kumara@gmail.com')
 3 SYSTEMPATH\CodeIgniter.php(904): App\Controllers\Otentikasi->index()
 4 SYSTEMPATH\CodeIgniter.php(457): CodeIgniter\CodeIgniter->runController(Object(App\Controllers\Otentikasi))
 5 SYSTEMPATH\CodeIgniter.php(340): CodeIgniter\CodeIgniter->handleRequest(null, Object(Config\Cache), false)
 6 FCPATH\index.php(67): CodeIgniter\CodeIgniter->run()
CRITICAL - 2022-09-07 23:41:11 --> Too few arguments to function Firebase\JWT\JWT::encode(), 2 passed in C:\xampp\htdocs\ci4restapi\app\Helpers\jwt_helper.php on line 33 and at least 3 expected
in VENDORPATH\firebase\php-jwt\src\JWT.php on line 183.
 1 APPPATH\Helpers\jwt_helper.php(33): Firebase\JWT\JWT::encode([...], null)
 2 APPPATH\Controllers\Otentikasi.php(49): createJWT('kumara@gmail.com')
 3 SYSTEMPATH\CodeIgniter.php(904): App\Controllers\Otentikasi->index()
 4 SYSTEMPATH\CodeIgniter.php(457): CodeIgniter\CodeIgniter->runController(Object(App\Controllers\Otentikasi))
 5 SYSTEMPATH\CodeIgniter.php(340): CodeIgniter\CodeIgniter->handleRequest(null, Object(Config\Cache), false)
 6 FCPATH\index.php(67): CodeIgniter\CodeIgniter->run()
CRITICAL - 2022-09-07 23:41:57 --> Too few arguments to function Firebase\JWT\JWT::encode(), 2 passed in C:\xampp\htdocs\ci4restapi\app\Helpers\jwt_helper.php on line 33 and at least 3 expected
in VENDORPATH\firebase\php-jwt\src\JWT.php on line 183.
 1 APPPATH\Helpers\jwt_helper.php(33): Firebase\JWT\JWT::encode([...], null)
 2 APPPATH\Controllers\Otentikasi.php(49): createJWT('kumara@gmail.com')
 3 SYSTEMPATH\CodeIgniter.php(904): App\Controllers\Otentikasi->index()
 4 SYSTEMPATH\CodeIgniter.php(457): CodeIgniter\CodeIgniter->runController(Object(App\Controllers\Otentikasi))
 5 SYSTEMPATH\CodeIgniter.php(340): CodeIgniter\CodeIgniter->handleRequest(null, Object(Config\Cache), false)
 6 FCPATH\index.php(67): CodeIgniter\CodeIgniter->run()
CRITICAL - 2022-09-07 23:42:26 --> Too few arguments to function Firebase\JWT\JWT::encode(), 2 passed in C:\xampp\htdocs\ci4restapi\app\Helpers\jwt_helper.php on line 33 and at least 3 expected
in VENDORPATH\firebase\php-jwt\src\JWT.php on line 183.
 1 APPPATH\Helpers\jwt_helper.php(33): Firebase\JWT\JWT::encode([...], null)
 2 APPPATH\Controllers\Otentikasi.php(49): createJWT('kumara@gmail.com')
 3 SYSTEMPATH\CodeIgniter.php(904): App\Controllers\Otentikasi->index()
 4 SYSTEMPATH\CodeIgniter.php(457): CodeIgniter\CodeIgniter->runController(Object(App\Controllers\Otentikasi))
 5 SYSTEMPATH\CodeIgniter.php(340): CodeIgniter\CodeIgniter->handleRequest(null, Object(Config\Cache), false)
 6 FCPATH\index.php(67): CodeIgniter\CodeIgniter->run()
CRITICAL - 2022-09-07 23:42:26 --> Too few arguments to function Firebase\JWT\JWT::encode(), 2 passed in C:\xampp\htdocs\ci4restapi\app\Helpers\jwt_helper.php on line 33 and at least 3 expected
in VENDORPATH\firebase\php-jwt\src\JWT.php on line 183.
 1 APPPATH\Helpers\jwt_helper.php(33): Firebase\JWT\JWT::encode([...], null)
 2 APPPATH\Controllers\Otentikasi.php(49): createJWT('kumara@gmail.com')
 3 SYSTEMPATH\CodeIgniter.php(904): App\Controllers\Otentikasi->index()
 4 SYSTEMPATH\CodeIgniter.php(457): CodeIgniter\CodeIgniter->runController(Object(App\Controllers\Otentikasi))
 5 SYSTEMPATH\CodeIgniter.php(340): CodeIgniter\CodeIgniter->handleRequest(null, Object(Config\Cache), false)
 6 FCPATH\index.php(67): CodeIgniter\CodeIgniter->run()
CRITICAL - 2022-09-07 23:43:03 --> Too few arguments to function Firebase\JWT\JWT::encode(), 2 passed in C:\xampp\htdocs\ci4restapi\app\Helpers\jwt_helper.php on line 33 and at least 3 expected
in VENDORPATH\firebase\php-jwt\src\JWT.php on line 183.
 1 APPPATH\Helpers\jwt_helper.php(33): Firebase\JWT\JWT::encode([...], '13santika')
 2 APPPATH\Controllers\Otentikasi.php(49): createJWT('kumara@gmail.com')
 3 SYSTEMPATH\CodeIgniter.php(904): App\Controllers\Otentikasi->index()
 4 SYSTEMPATH\CodeIgniter.php(457): CodeIgniter\CodeIgniter->runController(Object(App\Controllers\Otentikasi))
 5 SYSTEMPATH\CodeIgniter.php(340): CodeIgniter\CodeIgniter->handleRequest(null, Object(Config\Cache), false)
 6 FCPATH\index.php(67): CodeIgniter\CodeIgniter->run()
