CRITICAL - 2022-09-06 01:14:04 --> Class "Firebase\JWT\JWT" not found
in APPPATH\Helpers\jwt_helper.php on line 31.
 1 APPPATH\Controllers\Otentikasi.php(49): createJWT('kumara@gmail.com')
 2 SYSTEMPATH\CodeIgniter.php(904): App\Controllers\Otentikasi->index()
 3 SYSTEMPATH\CodeIgniter.php(457): CodeIgniter\CodeIgniter->runController(Object(App\Controllers\Otentikasi))
 4 SYSTEMPATH\CodeIgniter.php(340): CodeIgniter\CodeIgniter->handleRequest(null, Object(Config\Cache), false)
 5 FCPATH\index.php(67): CodeIgniter\CodeIgniter->run()
CRITICAL - 2022-09-06 01:14:38 --> Class "Firebase\JWT\JWT" not found
in APPPATH\Helpers\jwt_helper.php on line 31.
 1 APPPATH\Controllers\Otentikasi.php(49): createJWT('kumara@gmail.com')
 2 SYSTEMPATH\CodeIgniter.php(904): App\Controllers\Otentikasi->index()
 3 SYSTEMPATH\CodeIgniter.php(457): CodeIgniter\CodeIgniter->runController(Object(App\Controllers\Otentikasi))
 4 SYSTEMPATH\CodeIgniter.php(340): CodeIgniter\CodeIgniter->handleRequest(null, Object(Config\Cache), false)
 5 FCPATH\index.php(67): CodeIgniter\CodeIgniter->run()
CRITICAL - 2022-09-06 01:20:33 --> syntax error, unexpected variable "$jwt"
in APPPATH\Helpers\jwt_helper.php on line 31.
 1 APPPATH\Controllers\Otentikasi.php(45): helper([...])
 2 SYSTEMPATH\CodeIgniter.php(904): App\Controllers\Otentikasi->index()
 3 SYSTEMPATH\CodeIgniter.php(457): CodeIgniter\CodeIgniter->runController(Object(App\Controllers\Otentikasi))
 4 SYSTEMPATH\CodeIgniter.php(340): CodeIgniter\CodeIgniter->handleRequest(null, Object(Config\Cache), false)
 5 FCPATH\index.php(67): CodeIgniter\CodeIgniter->run()
CRITICAL - 2022-09-06 01:20:39 --> Too few arguments to function Firebase\JWT\JWT::encode(), 2 passed in C:\xampp\htdocs\ci4restapi\app\Helpers\jwt_helper.php on line 31 and at least 3 expected
in VENDORPATH\firebase\php-jwt\src\JWT.php on line 183.
 1 APPPATH\Helpers\jwt_helper.php(31): Firebase\JWT\JWT::encode([...], '13santika')
 2 APPPATH\Controllers\Otentikasi.php(49): createJWT('kumara@gmail.com')
 3 SYSTEMPATH\CodeIgniter.php(904): App\Controllers\Otentikasi->index()
 4 SYSTEMPATH\CodeIgniter.php(457): CodeIgniter\CodeIgniter->runController(Object(App\Controllers\Otentikasi))
 5 SYSTEMPATH\CodeIgniter.php(340): CodeIgniter\CodeIgniter->handleRequest(null, Object(Config\Cache), false)
 6 FCPATH\index.php(67): CodeIgniter\CodeIgniter->run()
CRITICAL - 2022-09-06 01:21:05 --> Too few arguments to function Firebase\JWT\JWT::encode(), 2 passed in C:\xampp\htdocs\ci4restapi\app\Helpers\jwt_helper.php on line 31 and at least 3 expected
in VENDORPATH\firebase\php-jwt\src\JWT.php on line 183.
 1 APPPATH\Helpers\jwt_helper.php(31): Firebase\JWT\JWT::encode([...], '13santika')
 2 APPPATH\Controllers\Otentikasi.php(49): createJWT('kumara@gmail.com')
 3 SYSTEMPATH\CodeIgniter.php(904): App\Controllers\Otentikasi->index()
 4 SYSTEMPATH\CodeIgniter.php(457): CodeIgniter\CodeIgniter->runController(Object(App\Controllers\Otentikasi))
 5 SYSTEMPATH\CodeIgniter.php(340): CodeIgniter\CodeIgniter->handleRequest(null, Object(Config\Cache), false)
 6 FCPATH\index.php(67): CodeIgniter\CodeIgniter->run()
CRITICAL - 2022-09-06 21:09:51 --> Too few arguments to function Firebase\JWT\JWT::encode(), 2 passed in C:\xampp\htdocs\ci4restapi\app\Helpers\jwt_helper.php on line 31 and at least 3 expected
in VENDORPATH\firebase\php-jwt\src\JWT.php on line 183.
 1 APPPATH\Helpers\jwt_helper.php(31): Firebase\JWT\JWT::encode([...], '13santika')
 2 APPPATH\Controllers\Otentikasi.php(49): createJWT('kumara@gmail.com')
 3 SYSTEMPATH\CodeIgniter.php(904): App\Controllers\Otentikasi->index()
 4 SYSTEMPATH\CodeIgniter.php(457): CodeIgniter\CodeIgniter->runController(Object(App\Controllers\Otentikasi))
 5 SYSTEMPATH\CodeIgniter.php(340): CodeIgniter\CodeIgniter->handleRequest(null, Object(Config\Cache), false)
 6 FCPATH\index.php(67): CodeIgniter\CodeIgniter->run()
CRITICAL - 2022-09-06 21:10:12 --> Firebase\JWT\JWT::decode(): Argument #1 ($jwt) must be of type string, array given, called in C:\xampp\htdocs\ci4restapi\app\Helpers\jwt_helper.php on line 31
in VENDORPATH\firebase\php-jwt\src\JWT.php on line 90.
 1 APPPATH\Helpers\jwt_helper.php(31): Firebase\JWT\JWT::decode([...], '13santika')
 2 APPPATH\Controllers\Otentikasi.php(49): createJWT('kumara@gmail.com')
 3 SYSTEMPATH\CodeIgniter.php(904): App\Controllers\Otentikasi->index()
 4 SYSTEMPATH\CodeIgniter.php(457): CodeIgniter\CodeIgniter->runController(Object(App\Controllers\Otentikasi))
 5 SYSTEMPATH\CodeIgniter.php(340): CodeIgniter\CodeIgniter->handleRequest(null, Object(Config\Cache), false)
 6 FCPATH\index.php(67): CodeIgniter\CodeIgniter->run()
CRITICAL - 2022-09-06 21:10:38 --> Too few arguments to function Firebase\JWT\JWT::encode(), 2 passed in C:\xampp\htdocs\ci4restapi\app\Helpers\jwt_helper.php on line 31 and at least 3 expected
in VENDORPATH\firebase\php-jwt\src\JWT.php on line 183.
 1 APPPATH\Helpers\jwt_helper.php(31): Firebase\JWT\JWT::encode([...], '13santika')
 2 APPPATH\Controllers\Otentikasi.php(49): createJWT('kumara@gmail.com')
 3 SYSTEMPATH\CodeIgniter.php(904): App\Controllers\Otentikasi->index()
 4 SYSTEMPATH\CodeIgniter.php(457): CodeIgniter\CodeIgniter->runController(Object(App\Controllers\Otentikasi))
 5 SYSTEMPATH\CodeIgniter.php(340): CodeIgniter\CodeIgniter->handleRequest(null, Object(Config\Cache), false)
 6 FCPATH\index.php(67): CodeIgniter\CodeIgniter->run()
CRITICAL - 2022-09-06 21:11:05 --> Too few arguments to function Firebase\JWT\JWT::encode(), 2 passed in C:\xampp\htdocs\ci4restapi\app\Helpers\jwt_helper.php on line 31 and at least 3 expected
in VENDORPATH\firebase\php-jwt\src\JWT.php on line 183.
 1 APPPATH\Helpers\jwt_helper.php(31): Firebase\JWT\JWT::encode([...], '13santika')
 2 APPPATH\Controllers\Otentikasi.php(49): createJWT('kumara@gmail.com')
 3 SYSTEMPATH\CodeIgniter.php(904): App\Controllers\Otentikasi->index()
 4 SYSTEMPATH\CodeIgniter.php(457): CodeIgniter\CodeIgniter->runController(Object(App\Controllers\Otentikasi))
 5 SYSTEMPATH\CodeIgniter.php(340): CodeIgniter\CodeIgniter->handleRequest(null, Object(Config\Cache), false)
 6 FCPATH\index.php(67): CodeIgniter\CodeIgniter->run()
CRITICAL - 2022-09-06 21:37:39 --> Too few arguments to function Firebase\JWT\JWT::encode(), 2 passed in C:\xampp\htdocs\ci4restapi\app\Helpers\jwt_helper.php on line 31 and at least 3 expected
in VENDORPATH\firebase\php-jwt\src\JWT.php on line 183.
 1 APPPATH\Helpers\jwt_helper.php(31): Firebase\JWT\JWT::encode([...], '13santika')
 2 APPPATH\Controllers\Otentikasi.php(49): createJWT('kumara@gmail.com')
 3 SYSTEMPATH\CodeIgniter.php(904): App\Controllers\Otentikasi->index()
 4 SYSTEMPATH\CodeIgniter.php(457): CodeIgniter\CodeIgniter->runController(Object(App\Controllers\Otentikasi))
 5 SYSTEMPATH\CodeIgniter.php(340): CodeIgniter\CodeIgniter->handleRequest(null, Object(Config\Cache), false)
 6 FCPATH\index.php(67): CodeIgniter\CodeIgniter->run()
CRITICAL - 2022-09-06 21:38:53 --> Too few arguments to function Firebase\JWT\JWT::encode(), 2 passed in C:\xampp\htdocs\ci4restapi\app\Helpers\jwt_helper.php on line 31 and at least 3 expected
in VENDORPATH\firebase\php-jwt\src\JWT.php on line 183.
 1 APPPATH\Helpers\jwt_helper.php(31): Firebase\JWT\JWT::encode([...], '13santika')
 2 APPPATH\Controllers\Otentikasi.php(49): createJWT('kumara@gmail.com')
 3 SYSTEMPATH\CodeIgniter.php(904): App\Controllers\Otentikasi->index()
 4 SYSTEMPATH\CodeIgniter.php(457): CodeIgniter\CodeIgniter->runController(Object(App\Controllers\Otentikasi))
 5 SYSTEMPATH\CodeIgniter.php(340): CodeIgniter\CodeIgniter->handleRequest(null, Object(Config\Cache), false)
 6 FCPATH\index.php(67): CodeIgniter\CodeIgniter->run()
CRITICAL - 2022-09-06 21:39:09 --> Class "Firebase\JWT" not found
in APPPATH\Helpers\jwt_helper.php on line 31.
 1 APPPATH\Controllers\Otentikasi.php(49): createJWT('kumara@gmail.com')
 2 SYSTEMPATH\CodeIgniter.php(904): App\Controllers\Otentikasi->index()
 3 SYSTEMPATH\CodeIgniter.php(457): CodeIgniter\CodeIgniter->runController(Object(App\Controllers\Otentikasi))
 4 SYSTEMPATH\CodeIgniter.php(340): CodeIgniter\CodeIgniter->handleRequest(null, Object(Config\Cache), false)
 5 FCPATH\index.php(67): CodeIgniter\CodeIgniter->run()
CRITICAL - 2022-09-06 21:39:40 --> Class "Firebase\src\JWT" not found
in APPPATH\Helpers\jwt_helper.php on line 31.
 1 APPPATH\Controllers\Otentikasi.php(49): createJWT('kumara@gmail.com')
 2 SYSTEMPATH\CodeIgniter.php(904): App\Controllers\Otentikasi->index()
 3 SYSTEMPATH\CodeIgniter.php(457): CodeIgniter\CodeIgniter->runController(Object(App\Controllers\Otentikasi))
 4 SYSTEMPATH\CodeIgniter.php(340): CodeIgniter\CodeIgniter->handleRequest(null, Object(Config\Cache), false)
 5 FCPATH\index.php(67): CodeIgniter\CodeIgniter->run()
CRITICAL - 2022-09-06 21:39:51 --> Too few arguments to function Firebase\JWT\JWT::encode(), 2 passed in C:\xampp\htdocs\ci4restapi\app\Helpers\jwt_helper.php on line 31 and at least 3 expected
in VENDORPATH\firebase\php-jwt\src\JWT.php on line 183.
 1 APPPATH\Helpers\jwt_helper.php(31): Firebase\JWT\JWT::encode([...], '13santika')
 2 APPPATH\Controllers\Otentikasi.php(49): createJWT('kumara@gmail.com')
 3 SYSTEMPATH\CodeIgniter.php(904): App\Controllers\Otentikasi->index()
 4 SYSTEMPATH\CodeIgniter.php(457): CodeIgniter\CodeIgniter->runController(Object(App\Controllers\Otentikasi))
 5 SYSTEMPATH\CodeIgniter.php(340): CodeIgniter\CodeIgniter->handleRequest(null, Object(Config\Cache), false)
 6 FCPATH\index.php(67): CodeIgniter\CodeIgniter->run()
CRITICAL - 2022-09-06 21:47:05 --> Too few arguments to function Firebase\JWT\JWT::encode(), 2 passed in C:\xampp\htdocs\ci4restapi\app\Helpers\jwt_helper.php on line 31 and at least 3 expected
in VENDORPATH\firebase\php-jwt\src\JWT.php on line 183.
 1 APPPATH\Helpers\jwt_helper.php(31): Firebase\JWT\JWT::encode([...], '13santika')
 2 APPPATH\Controllers\Otentikasi.php(49): createJWT('kumara@gmail.com')
 3 SYSTEMPATH\CodeIgniter.php(904): App\Controllers\Otentikasi->index()
 4 SYSTEMPATH\CodeIgniter.php(457): CodeIgniter\CodeIgniter->runController(Object(App\Controllers\Otentikasi))
 5 SYSTEMPATH\CodeIgniter.php(340): CodeIgniter\CodeIgniter->handleRequest(null, Object(Config\Cache), false)
 6 FCPATH\index.php(67): CodeIgniter\CodeIgniter->run()
