CRITICAL - 2022-09-05 03:39:13 --> The framework needs the following extension(s) installed and loaded: intl.
in SYSTEMPATH\CodeIgniter.php on line 219.
 1 SYSTEMPATH\CodeIgniter.php(219): CodeIgniter\Exceptions\FrameworkException::forMissingExtension('intl')
 2 SYSTEMPATH\CodeIgniter.php(177): CodeIgniter\CodeIgniter->resolvePlatformExtensions()
 3 FCPATH\index.php(55): CodeIgniter\CodeIgniter->initialize()
CRITICAL - 2022-09-05 03:41:28 --> The framework needs the following extension(s) installed and loaded: intl.
in SYSTEMPATH\CodeIgniter.php on line 219.
 1 SYSTEMPATH\CodeIgniter.php(219): CodeIgniter\Exceptions\FrameworkException::forMissingExtension('intl')
 2 SYSTEMPATH\CodeIgniter.php(177): CodeIgniter\CodeIgniter->resolvePlatformExtensions()
 3 FCPATH\index.php(55): CodeIgniter\CodeIgniter->initialize()
CRITICAL - 2022-09-05 03:42:16 --> The framework needs the following extension(s) installed and loaded: intl.
in SYSTEMPATH\CodeIgniter.php on line 219.
 1 SYSTEMPATH\CodeIgniter.php(219): CodeIgniter\Exceptions\FrameworkException::forMissingExtension('intl')
 2 SYSTEMPATH\CodeIgniter.php(177): CodeIgniter\CodeIgniter->resolvePlatformExtensions()
 3 FCPATH\index.php(55): CodeIgniter\CodeIgniter->initialize()
CRITICAL - 2022-09-05 03:43:06 --> The framework needs the following extension(s) installed and loaded: intl.
in SYSTEMPATH\CodeIgniter.php on line 219.
 1 SYSTEMPATH\CodeIgniter.php(219): CodeIgniter\Exceptions\FrameworkException::forMissingExtension('intl')
 2 SYSTEMPATH\CodeIgniter.php(177): CodeIgniter\CodeIgniter->resolvePlatformExtensions()
 3 FCPATH\index.php(55): CodeIgniter\CodeIgniter->initialize()
CRITICAL - 2022-09-05 03:59:52 --> The framework needs the following extension(s) installed and loaded: intl.
in SYSTEMPATH\CodeIgniter.php on line 219.
 1 SYSTEMPATH\CodeIgniter.php(219): CodeIgniter\Exceptions\FrameworkException::forMissingExtension('intl')
 2 SYSTEMPATH\CodeIgniter.php(177): CodeIgniter\CodeIgniter->resolvePlatformExtensions()
 3 FCPATH\index.php(55): CodeIgniter\CodeIgniter->initialize()
CRITICAL - 2022-09-05 03:59:59 --> The framework needs the following extension(s) installed and loaded: intl.
in SYSTEMPATH\CodeIgniter.php on line 219.
 1 SYSTEMPATH\CodeIgniter.php(219): CodeIgniter\Exceptions\FrameworkException::forMissingExtension('intl')
 2 SYSTEMPATH\CodeIgniter.php(177): CodeIgniter\CodeIgniter->resolvePlatformExtensions()
 3 FCPATH\index.php(55): CodeIgniter\CodeIgniter->initialize()
CRITICAL - 2022-09-05 04:32:59 --> The framework needs the following extension(s) installed and loaded: intl.
in SYSTEMPATH\CodeIgniter.php on line 219.
 1 SYSTEMPATH\CodeIgniter.php(219): CodeIgniter\Exceptions\FrameworkException::forMissingExtension('intl')
 2 SYSTEMPATH\CodeIgniter.php(177): CodeIgniter\CodeIgniter->resolvePlatformExtensions()
 3 FCPATH\index.php(55): CodeIgniter\CodeIgniter->initialize()
CRITICAL - 2022-09-05 04:40:41 --> The framework needs the following extension(s) installed and loaded: intl.
in SYSTEMPATH\CodeIgniter.php on line 219.
 1 SYSTEMPATH\CodeIgniter.php(219): CodeIgniter\Exceptions\FrameworkException::forMissingExtension('intl')
 2 SYSTEMPATH\CodeIgniter.php(177): CodeIgniter\CodeIgniter->resolvePlatformExtensions()
 3 FCPATH\index.php(55): CodeIgniter\CodeIgniter->initialize()
CRITICAL - 2022-09-05 04:43:48 --> The framework needs the following extension(s) installed and loaded: intl.
in SYSTEMPATH\CodeIgniter.php on line 219.
 1 SYSTEMPATH\CodeIgniter.php(219): CodeIgniter\Exceptions\FrameworkException::forMissingExtension('intl')
 2 SYSTEMPATH\CodeIgniter.php(177): CodeIgniter\CodeIgniter->resolvePlatformExtensions()
 3 FCPATH\index.php(55): CodeIgniter\CodeIgniter->initialize()
CRITICAL - 2022-09-05 04:49:17 --> The framework needs the following extension(s) installed and loaded: intl.
in SYSTEMPATH\CodeIgniter.php on line 219.
 1 SYSTEMPATH\CodeIgniter.php(219): CodeIgniter\Exceptions\FrameworkException::forMissingExtension('intl')
 2 SYSTEMPATH\CodeIgniter.php(177): CodeIgniter\CodeIgniter->resolvePlatformExtensions()
 3 FCPATH\index.php(55): CodeIgniter\CodeIgniter->initialize()
CRITICAL - 2022-09-05 04:49:46 --> The framework needs the following extension(s) installed and loaded: intl.
in SYSTEMPATH\CodeIgniter.php on line 219.
 1 SYSTEMPATH\CodeIgniter.php(219): CodeIgniter\Exceptions\FrameworkException::forMissingExtension('intl')
 2 SYSTEMPATH\CodeIgniter.php(177): CodeIgniter\CodeIgniter->resolvePlatformExtensions()
 3 FCPATH\index.php(55): CodeIgniter\CodeIgniter->initialize()
CRITICAL - 2022-09-05 04:49:51 --> The framework needs the following extension(s) installed and loaded: intl.
in SYSTEMPATH\CodeIgniter.php on line 219.
 1 SYSTEMPATH\CodeIgniter.php(219): CodeIgniter\Exceptions\FrameworkException::forMissingExtension('intl')
 2 SYSTEMPATH\CodeIgniter.php(177): CodeIgniter\CodeIgniter->resolvePlatformExtensions()
 3 FCPATH\index.php(55): CodeIgniter\CodeIgniter->initialize()
CRITICAL - 2022-09-05 04:49:53 --> The framework needs the following extension(s) installed and loaded: intl.
in SYSTEMPATH\CodeIgniter.php on line 219.
 1 SYSTEMPATH\CodeIgniter.php(219): CodeIgniter\Exceptions\FrameworkException::forMissingExtension('intl')
 2 SYSTEMPATH\CodeIgniter.php(177): CodeIgniter\CodeIgniter->resolvePlatformExtensions()
 3 FCPATH\index.php(55): CodeIgniter\CodeIgniter->initialize()
CRITICAL - 2022-09-05 04:50:08 --> The framework needs the following extension(s) installed and loaded: intl.
in SYSTEMPATH\CodeIgniter.php on line 219.
 1 SYSTEMPATH\CodeIgniter.php(219): CodeIgniter\Exceptions\FrameworkException::forMissingExtension('intl')
 2 SYSTEMPATH\CodeIgniter.php(177): CodeIgniter\CodeIgniter->resolvePlatformExtensions()
 3 FCPATH\index.php(55): CodeIgniter\CodeIgniter->initialize()
CRITICAL - 2022-09-05 04:52:36 --> The framework needs the following extension(s) installed and loaded: intl.
in SYSTEMPATH\CodeIgniter.php on line 219.
 1 SYSTEMPATH\CodeIgniter.php(219): CodeIgniter\Exceptions\FrameworkException::forMissingExtension('intl')
 2 SYSTEMPATH\CodeIgniter.php(177): CodeIgniter\CodeIgniter->resolvePlatformExtensions()
 3 FCPATH\index.php(55): CodeIgniter\CodeIgniter->initialize()
CRITICAL - 2022-09-05 04:59:18 --> The framework needs the following extension(s) installed and loaded: intl.
in SYSTEMPATH\CodeIgniter.php on line 219.
 1 SYSTEMPATH\CodeIgniter.php(219): CodeIgniter\Exceptions\FrameworkException::forMissingExtension('intl')
 2 SYSTEMPATH\CodeIgniter.php(177): CodeIgniter\CodeIgniter->resolvePlatformExtensions()
 3 FCPATH\index.php(55): CodeIgniter\CodeIgniter->initialize()
CRITICAL - 2022-09-05 05:04:32 --> The framework needs the following extension(s) installed and loaded: intl.
in SYSTEMPATH\CodeIgniter.php on line 219.
 1 SYSTEMPATH\CodeIgniter.php(219): CodeIgniter\Exceptions\FrameworkException::forMissingExtension('intl')
 2 SYSTEMPATH\CodeIgniter.php(177): CodeIgniter\CodeIgniter->resolvePlatformExtensions()
 3 FCPATH\index.php(55): CodeIgniter\CodeIgniter->initialize()
CRITICAL - 2022-09-05 05:04:38 --> The framework needs the following extension(s) installed and loaded: intl.
in SYSTEMPATH\CodeIgniter.php on line 219.
 1 SYSTEMPATH\CodeIgniter.php(219): CodeIgniter\Exceptions\FrameworkException::forMissingExtension('intl')
 2 SYSTEMPATH\CodeIgniter.php(177): CodeIgniter\CodeIgniter->resolvePlatformExtensions()
 3 FCPATH\index.php(55): CodeIgniter\CodeIgniter->initialize()
CRITICAL - 2022-09-05 05:04:44 --> The framework needs the following extension(s) installed and loaded: intl.
in SYSTEMPATH\CodeIgniter.php on line 219.
 1 SYSTEMPATH\CodeIgniter.php(219): CodeIgniter\Exceptions\FrameworkException::forMissingExtension('intl')
 2 SYSTEMPATH\CodeIgniter.php(177): CodeIgniter\CodeIgniter->resolvePlatformExtensions()
 3 FCPATH\index.php(55): CodeIgniter\CodeIgniter->initialize()
CRITICAL - 2022-09-05 05:04:46 --> The framework needs the following extension(s) installed and loaded: intl.
in SYSTEMPATH\CodeIgniter.php on line 219.
 1 SYSTEMPATH\CodeIgniter.php(219): CodeIgniter\Exceptions\FrameworkException::forMissingExtension('intl')
 2 SYSTEMPATH\CodeIgniter.php(177): CodeIgniter\CodeIgniter->resolvePlatformExtensions()
 3 FCPATH\index.php(55): CodeIgniter\CodeIgniter->initialize()
CRITICAL - 2022-09-05 05:06:12 --> The framework needs the following extension(s) installed and loaded: intl.
in SYSTEMPATH\CodeIgniter.php on line 219.
 1 SYSTEMPATH\CodeIgniter.php(219): CodeIgniter\Exceptions\FrameworkException::forMissingExtension('intl')
 2 SYSTEMPATH\CodeIgniter.php(177): CodeIgniter\CodeIgniter->resolvePlatformExtensions()
 3 FCPATH\index.php(55): CodeIgniter\CodeIgniter->initialize()
CRITICAL - 2022-09-05 05:08:26 --> The framework needs the following extension(s) installed and loaded: intl.
in SYSTEMPATH\CodeIgniter.php on line 219.
 1 SYSTEMPATH\CodeIgniter.php(219): CodeIgniter\Exceptions\FrameworkException::forMissingExtension('intl')
 2 SYSTEMPATH\CodeIgniter.php(177): CodeIgniter\CodeIgniter->resolvePlatformExtensions()
 3 FCPATH\index.php(55): CodeIgniter\CodeIgniter->initialize()
CRITICAL - 2022-09-05 05:16:42 --> The framework needs the following extension(s) installed and loaded: intl.
in SYSTEMPATH\CodeIgniter.php on line 219.
 1 SYSTEMPATH\CodeIgniter.php(219): CodeIgniter\Exceptions\FrameworkException::forMissingExtension('intl')
 2 SYSTEMPATH\CodeIgniter.php(177): CodeIgniter\CodeIgniter->resolvePlatformExtensions()
 3 FCPATH\index.php(55): CodeIgniter\CodeIgniter->initialize()
CRITICAL - 2022-09-05 05:16:46 --> The framework needs the following extension(s) installed and loaded: intl.
in SYSTEMPATH\CodeIgniter.php on line 219.
 1 SYSTEMPATH\CodeIgniter.php(219): CodeIgniter\Exceptions\FrameworkException::forMissingExtension('intl')
 2 SYSTEMPATH\CodeIgniter.php(177): CodeIgniter\CodeIgniter->resolvePlatformExtensions()
 3 FCPATH\index.php(55): CodeIgniter\CodeIgniter->initialize()
CRITICAL - 2022-09-05 05:16:50 --> The framework needs the following extension(s) installed and loaded: intl.
in SYSTEMPATH\CodeIgniter.php on line 219.
 1 SYSTEMPATH\CodeIgniter.php(219): CodeIgniter\Exceptions\FrameworkException::forMissingExtension('intl')
 2 SYSTEMPATH\CodeIgniter.php(177): CodeIgniter\CodeIgniter->resolvePlatformExtensions()
 3 FCPATH\index.php(55): CodeIgniter\CodeIgniter->initialize()
CRITICAL - 2022-09-05 07:56:50 --> The framework needs the following extension(s) installed and loaded: intl.
in SYSTEMPATH\CodeIgniter.php on line 219.
 1 SYSTEMPATH\CodeIgniter.php(219): CodeIgniter\Exceptions\FrameworkException::forMissingExtension('intl')
 2 SYSTEMPATH\CodeIgniter.php(177): CodeIgniter\CodeIgniter->resolvePlatformExtensions()
 3 FCPATH\index.php(55): CodeIgniter\CodeIgniter->initialize()
CRITICAL - 2022-09-05 07:58:08 --> The framework needs the following extension(s) installed and loaded: intl.
in SYSTEMPATH\CodeIgniter.php on line 219.
 1 SYSTEMPATH\CodeIgniter.php(219): CodeIgniter\Exceptions\FrameworkException::forMissingExtension('intl')
 2 SYSTEMPATH\CodeIgniter.php(177): CodeIgniter\CodeIgniter->resolvePlatformExtensions()
 3 FCPATH\index.php(55): CodeIgniter\CodeIgniter->initialize()
CRITICAL - 2022-09-05 01:59:04 --> Too few arguments to function Firebase\JWT\JWT::encode(), 2 passed in C:\xampp\htdocs\ci4restapi\app\Helpers\jwt_helper.php on line 31 and at least 3 expected
in VENDORPATH\firebase\php-jwt\src\JWT.php on line 183.
 1 APPPATH\Helpers\jwt_helper.php(31): Firebase\JWT\JWT::encode([...], '13santika13')
 2 APPPATH\Controllers\Otentikasi.php(49): createJWT('kumara@gmail.com')
 3 SYSTEMPATH\CodeIgniter.php(904): App\Controllers\Otentikasi->index()
 4 SYSTEMPATH\CodeIgniter.php(457): CodeIgniter\CodeIgniter->runController(Object(App\Controllers\Otentikasi))
 5 SYSTEMPATH\CodeIgniter.php(340): CodeIgniter\CodeIgniter->handleRequest(null, Object(Config\Cache), false)
 6 FCPATH\index.php(67): CodeIgniter\CodeIgniter->run()
CRITICAL - 2022-09-05 02:10:37 --> Too few arguments to function Firebase\JWT\JWT::encode(), 2 passed in C:\xampp\htdocs\ci4restapi\app\Helpers\jwt_helper.php on line 31 and at least 3 expected
in VENDORPATH\firebase\php-jwt\src\JWT.php on line 183.
 1 APPPATH\Helpers\jwt_helper.php(31): Firebase\JWT\JWT::encode([...], '13santika13')
 2 APPPATH\Controllers\Otentikasi.php(49): createJWT('hadrian@gmail.com')
 3 SYSTEMPATH\CodeIgniter.php(904): App\Controllers\Otentikasi->index()
 4 SYSTEMPATH\CodeIgniter.php(457): CodeIgniter\CodeIgniter->runController(Object(App\Controllers\Otentikasi))
 5 SYSTEMPATH\CodeIgniter.php(340): CodeIgniter\CodeIgniter->handleRequest(null, Object(Config\Cache), false)
 6 FCPATH\index.php(67): CodeIgniter\CodeIgniter->run()
CRITICAL - 2022-09-05 02:13:24 --> Too few arguments to function Firebase\JWT\JWT::encode(), 2 passed in C:\xampp\htdocs\ci4restapi\app\Helpers\jwt_helper.php on line 31 and at least 3 expected
in VENDORPATH\firebase\php-jwt\src\JWT.php on line 183.
 1 APPPATH\Helpers\jwt_helper.php(31): Firebase\JWT\JWT::encode([...], '13santika13')
 2 APPPATH\Controllers\Otentikasi.php(49): createJWT('hadrian@gmail.com')
 3 SYSTEMPATH\CodeIgniter.php(904): App\Controllers\Otentikasi->index()
 4 SYSTEMPATH\CodeIgniter.php(457): CodeIgniter\CodeIgniter->runController(Object(App\Controllers\Otentikasi))
 5 SYSTEMPATH\CodeIgniter.php(340): CodeIgniter\CodeIgniter->handleRequest(null, Object(Config\Cache), false)
 6 FCPATH\index.php(67): CodeIgniter\CodeIgniter->run()
CRITICAL - 2022-09-05 02:22:34 --> Too few arguments to function Firebase\JWT\JWT::encode(), 2 passed in C:\xampp\htdocs\ci4restapi\app\Helpers\jwt_helper.php on line 31 and at least 3 expected
in VENDORPATH\firebase\php-jwt\src\JWT.php on line 183.
 1 APPPATH\Helpers\jwt_helper.php(31): Firebase\JWT\JWT::encode([...], '13santika13')
 2 APPPATH\Controllers\Otentikasi.php(49): createJWT('hadrian@gmail.com')
 3 SYSTEMPATH\CodeIgniter.php(904): App\Controllers\Otentikasi->index()
 4 SYSTEMPATH\CodeIgniter.php(457): CodeIgniter\CodeIgniter->runController(Object(App\Controllers\Otentikasi))
 5 SYSTEMPATH\CodeIgniter.php(340): CodeIgniter\CodeIgniter->handleRequest(null, Object(Config\Cache), false)
 6 FCPATH\index.php(67): CodeIgniter\CodeIgniter->run()
CRITICAL - 2022-09-05 02:25:12 --> Too few arguments to function Firebase\JWT\JWT::encode(), 2 passed in C:\xampp\htdocs\ci4restapi\app\Helpers\jwt_helper.php on line 31 and at least 3 expected
in VENDORPATH\firebase\php-jwt\src\JWT.php on line 183.
 1 APPPATH\Helpers\jwt_helper.php(31): Firebase\JWT\JWT::encode([...], '13santika13')
 2 APPPATH\Controllers\Otentikasi.php(49): createJWT('hadrian@gmail.com')
 3 SYSTEMPATH\CodeIgniter.php(904): App\Controllers\Otentikasi->index()
 4 SYSTEMPATH\CodeIgniter.php(457): CodeIgniter\CodeIgniter->runController(Object(App\Controllers\Otentikasi))
 5 SYSTEMPATH\CodeIgniter.php(340): CodeIgniter\CodeIgniter->handleRequest(null, Object(Config\Cache), false)
 6 FCPATH\index.php(67): CodeIgniter\CodeIgniter->run()
CRITICAL - 2022-09-05 02:26:23 --> Data otentikasi tidak ditemukan
in APPPATH\Models\ModelOtentikasi.php on line 19.
 1 APPPATH\Controllers\Otentikasi.php(40): App\Models\ModelOtentikasi->getEmail('hadriann@gmail.com')
 2 SYSTEMPATH\CodeIgniter.php(904): App\Controllers\Otentikasi->index()
 3 SYSTEMPATH\CodeIgniter.php(457): CodeIgniter\CodeIgniter->runController(Object(App\Controllers\Otentikasi))
 4 SYSTEMPATH\CodeIgniter.php(340): CodeIgniter\CodeIgniter->handleRequest(null, Object(Config\Cache), false)
 5 FCPATH\index.php(67): CodeIgniter\CodeIgniter->run()
CRITICAL - 2022-09-05 02:26:33 --> Data otentikasi tidak ditemukan
in APPPATH\Models\ModelOtentikasi.php on line 19.
 1 APPPATH\Controllers\Otentikasi.php(40): App\Models\ModelOtentikasi->getEmail('hadriana@gmail.com')
 2 SYSTEMPATH\CodeIgniter.php(904): App\Controllers\Otentikasi->index()
 3 SYSTEMPATH\CodeIgniter.php(457): CodeIgniter\CodeIgniter->runController(Object(App\Controllers\Otentikasi))
 4 SYSTEMPATH\CodeIgniter.php(340): CodeIgniter\CodeIgniter->handleRequest(null, Object(Config\Cache), false)
 5 FCPATH\index.php(67): CodeIgniter\CodeIgniter->run()
CRITICAL - 2022-09-05 02:27:25 --> Too few arguments to function Firebase\JWT\JWT::encode(), 2 passed in C:\xampp\htdocs\ci4restapi\app\Helpers\jwt_helper.php on line 31 and at least 3 expected
in VENDORPATH\firebase\php-jwt\src\JWT.php on line 183.
 1 APPPATH\Helpers\jwt_helper.php(31): Firebase\JWT\JWT::encode([...], '13santika13')
 2 APPPATH\Controllers\Otentikasi.php(49): createJWT('hadrian@gmail.com')
 3 SYSTEMPATH\CodeIgniter.php(904): App\Controllers\Otentikasi->index()
 4 SYSTEMPATH\CodeIgniter.php(457): CodeIgniter\CodeIgniter->runController(Object(App\Controllers\Otentikasi))
 5 SYSTEMPATH\CodeIgniter.php(340): CodeIgniter\CodeIgniter->handleRequest(null, Object(Config\Cache), false)
 6 FCPATH\index.php(67): CodeIgniter\CodeIgniter->run()
CRITICAL - 2022-09-05 02:30:07 --> Too few arguments to function Firebase\JWT\JWT::encode(), 2 passed in C:\xampp\htdocs\ci4restapi\app\Helpers\jwt_helper.php on line 31 and at least 3 expected
in VENDORPATH\firebase\php-jwt\src\JWT.php on line 183.
 1 APPPATH\Helpers\jwt_helper.php(31): Firebase\JWT\JWT::encode([...], '13santika13')
 2 APPPATH\Controllers\Otentikasi.php(49): createJWT('hadrian@gmail.com')
 3 SYSTEMPATH\CodeIgniter.php(904): App\Controllers\Otentikasi->index()
 4 SYSTEMPATH\CodeIgniter.php(457): CodeIgniter\CodeIgniter->runController(Object(App\Controllers\Otentikasi))
 5 SYSTEMPATH\CodeIgniter.php(340): CodeIgniter\CodeIgniter->handleRequest(null, Object(Config\Cache), false)
 6 FCPATH\index.php(67): CodeIgniter\CodeIgniter->run()
CRITICAL - 2022-09-05 02:37:12 --> Too few arguments to function Firebase\JWT\JWT::encode(), 2 passed in C:\xampp\htdocs\ci4restapi\app\Helpers\jwt_helper.php on line 31 and at least 3 expected
in VENDORPATH\firebase\php-jwt\src\JWT.php on line 183.
 1 APPPATH\Helpers\jwt_helper.php(31): Firebase\JWT\JWT::encode([...], '13santika13')
 2 APPPATH\Controllers\Otentikasi.php(49): createJWT('hadrian@gmail.com')
 3 SYSTEMPATH\CodeIgniter.php(904): App\Controllers\Otentikasi->index()
 4 SYSTEMPATH\CodeIgniter.php(457): CodeIgniter\CodeIgniter->runController(Object(App\Controllers\Otentikasi))
 5 SYSTEMPATH\CodeIgniter.php(340): CodeIgniter\CodeIgniter->handleRequest(null, Object(Config\Cache), false)
 6 FCPATH\index.php(67): CodeIgniter\CodeIgniter->run()
CRITICAL - 2022-09-05 20:05:56 --> Too few arguments to function Firebase\JWT\JWT::encode(), 2 passed in C:\xampp\htdocs\ci4restapi\app\Helpers\jwt_helper.php on line 31 and at least 3 expected
in VENDORPATH\firebase\php-jwt\src\JWT.php on line 183.
 1 APPPATH\Helpers\jwt_helper.php(31): Firebase\JWT\JWT::encode([...], '13santika13')
 2 APPPATH\Controllers\Otentikasi.php(49): createJWT('hadrian@gmail.com')
 3 SYSTEMPATH\CodeIgniter.php(904): App\Controllers\Otentikasi->index()
 4 SYSTEMPATH\CodeIgniter.php(457): CodeIgniter\CodeIgniter->runController(Object(App\Controllers\Otentikasi))
 5 SYSTEMPATH\CodeIgniter.php(340): CodeIgniter\CodeIgniter->handleRequest(null, Object(Config\Cache), false)
 6 FCPATH\index.php(67): CodeIgniter\CodeIgniter->run()
CRITICAL - 2022-09-05 21:01:37 --> Data otentikasi tidak ditemukan
in APPPATH\Models\ModelOtentikasi.php on line 18.
 1 APPPATH\Controllers\Otentikasi.php(40): App\Models\ModelOtentikasi->getEmail('hadrian@gmail.com')
 2 SYSTEMPATH\CodeIgniter.php(904): App\Controllers\Otentikasi->index()
 3 SYSTEMPATH\CodeIgniter.php(457): CodeIgniter\CodeIgniter->runController(Object(App\Controllers\Otentikasi))
 4 SYSTEMPATH\CodeIgniter.php(340): CodeIgniter\CodeIgniter->handleRequest(null, Object(Config\Cache), false)
 5 FCPATH\index.php(67): CodeIgniter\CodeIgniter->run()
CRITICAL - 2022-09-05 21:02:04 --> Too few arguments to function Firebase\JWT\JWT::encode(), 2 passed in C:\xampp\htdocs\ci4restapi\app\Helpers\jwt_helper.php on line 31 and at least 3 expected
in VENDORPATH\firebase\php-jwt\src\JWT.php on line 183.
 1 APPPATH\Helpers\jwt_helper.php(31): Firebase\JWT\JWT::encode([...], '13santika13')
 2 APPPATH\Controllers\Otentikasi.php(49): createJWT('kumara@gmail.com')
 3 SYSTEMPATH\CodeIgniter.php(904): App\Controllers\Otentikasi->index()
 4 SYSTEMPATH\CodeIgniter.php(457): CodeIgniter\CodeIgniter->runController(Object(App\Controllers\Otentikasi))
 5 SYSTEMPATH\CodeIgniter.php(340): CodeIgniter\CodeIgniter->handleRequest(null, Object(Config\Cache), false)
 6 FCPATH\index.php(67): CodeIgniter\CodeIgniter->run()
CRITICAL - 2022-09-05 21:04:31 --> Too few arguments to function Firebase\JWT\JWT::encode(), 2 passed in C:\xampp\htdocs\ci4restapi\app\Helpers\jwt_helper.php on line 31 and at least 3 expected
in VENDORPATH\firebase\php-jwt\src\JWT.php on line 183.
 1 APPPATH\Helpers\jwt_helper.php(31): Firebase\JWT\JWT::encode([...], '13santika13')
 2 APPPATH\Controllers\Otentikasi.php(49): createJWT('kumara@gmail.com')
 3 SYSTEMPATH\CodeIgniter.php(904): App\Controllers\Otentikasi->index()
 4 SYSTEMPATH\CodeIgniter.php(457): CodeIgniter\CodeIgniter->runController(Object(App\Controllers\Otentikasi))
 5 SYSTEMPATH\CodeIgniter.php(340): CodeIgniter\CodeIgniter->handleRequest(null, Object(Config\Cache), false)
 6 FCPATH\index.php(67): CodeIgniter\CodeIgniter->run()
CRITICAL - 2022-09-05 21:12:50 --> Too few arguments to function Firebase\JWT\JWT::encode(), 2 passed in C:\xampp\htdocs\ci4restapi\app\Helpers\jwt_helper.php on line 31 and at least 3 expected
in VENDORPATH\firebase\php-jwt\src\JWT.php on line 183.
 1 APPPATH\Helpers\jwt_helper.php(31): Firebase\JWT\JWT::encode([...], '13santika13')
 2 APPPATH\Controllers\Otentikasi.php(49): createJWT('kumara@gmail.com')
 3 SYSTEMPATH\CodeIgniter.php(904): App\Controllers\Otentikasi->index()
 4 SYSTEMPATH\CodeIgniter.php(457): CodeIgniter\CodeIgniter->runController(Object(App\Controllers\Otentikasi))
 5 SYSTEMPATH\CodeIgniter.php(340): CodeIgniter\CodeIgniter->handleRequest(null, Object(Config\Cache), false)
 6 FCPATH\index.php(67): CodeIgniter\CodeIgniter->run()
CRITICAL - 2022-09-05 21:13:21 --> Too few arguments to function Firebase\JWT\JWT::encode(), 2 passed in C:\xampp\htdocs\ci4restapi\app\Helpers\jwt_helper.php on line 31 and at least 3 expected
in VENDORPATH\firebase\php-jwt\src\JWT.php on line 183.
 1 APPPATH\Helpers\jwt_helper.php(31): Firebase\JWT\JWT::encode([...], '13santika13')
 2 APPPATH\Controllers\Otentikasi.php(49): createJWT('kumara@gmail.com')
 3 SYSTEMPATH\CodeIgniter.php(904): App\Controllers\Otentikasi->index()
 4 SYSTEMPATH\CodeIgniter.php(457): CodeIgniter\CodeIgniter->runController(Object(App\Controllers\Otentikasi))
 5 SYSTEMPATH\CodeIgniter.php(340): CodeIgniter\CodeIgniter->handleRequest(null, Object(Config\Cache), false)
 6 FCPATH\index.php(67): CodeIgniter\CodeIgniter->run()
CRITICAL - 2022-09-05 21:21:51 --> Undefined variable $jwt
in APPPATH\Helpers\jwt_helper.php on line 31.
 1 APPPATH\Helpers\jwt_helper.php(31): CodeIgniter\Debug\Exceptions->errorHandler(2, 'Undefined variable $jwt', 'APPPATH\\Helpers\\jwt_helper.php', 31)
 2 APPPATH\Controllers\Otentikasi.php(49): createJWT('kumara@gmail.com')
 3 SYSTEMPATH\CodeIgniter.php(904): App\Controllers\Otentikasi->index()
 4 SYSTEMPATH\CodeIgniter.php(457): CodeIgniter\CodeIgniter->runController(Object(App\Controllers\Otentikasi))
 5 SYSTEMPATH\CodeIgniter.php(340): CodeIgniter\CodeIgniter->handleRequest(null, Object(Config\Cache), false)
 6 FCPATH\index.php(67): CodeIgniter\CodeIgniter->run()
CRITICAL - 2022-09-05 21:37:05 --> Too few arguments to function Firebase\JWT\JWT::encode(), 2 passed in C:\xampp\htdocs\ci4restapi\app\Helpers\jwt_helper.php on line 31 and at least 3 expected
in VENDORPATH\firebase\php-jwt\src\JWT.php on line 183.
 1 APPPATH\Helpers\jwt_helper.php(31): Firebase\JWT\JWT::encode([...], '13santika')
 2 APPPATH\Controllers\Otentikasi.php(49): createJWT('kumara@gmail.com')
 3 SYSTEMPATH\CodeIgniter.php(904): App\Controllers\Otentikasi->index()
 4 SYSTEMPATH\CodeIgniter.php(457): CodeIgniter\CodeIgniter->runController(Object(App\Controllers\Otentikasi))
 5 SYSTEMPATH\CodeIgniter.php(340): CodeIgniter\CodeIgniter->handleRequest(null, Object(Config\Cache), false)
 6 FCPATH\index.php(67): CodeIgniter\CodeIgniter->run()
